<?xml version="1.0" encoding="utf-8"?>
<coverage line-rate="0.8" branch-rate="0.5" version="1.9" timestamp="1723753054" lines-covered="4" lines-valid="5" branches-covered="1" branches-valid="2">
  <sources>
    <source>D:\</source>
  </sources>
  <packages>
    <package name="PrimeService" line-rate="0.8" branch-rate="0.5" complexity="2">
      <classes>
        <class name="Prime.Services.PrimeService" filename="labs\_cs\dotnet-github-actions\PrimeService\PrimeService.cs" line-rate="0.8" branch-rate="0.5" complexity="2">
          <methods>
            <method name="IsPrime" signature="(System.Int32)" line-rate="0.8" branch-rate="0.5" complexity="2">
              <lines>
                <line number="8" hits="4" branch="False" />
                <line number="9" hits="4" branch="True" condition-coverage="50% (1/2)">
                  <conditions>
                    <condition number="7" type="jump" coverage="50%" />
                  </conditions>
                </line>
                <line number="10" hits="4" branch="False" />
                <line number="11" hits="0" branch="False" />
                <line number="12" hits="4" branch="False" />
              </lines>
            </method>
          </methods>
          <lines>
            <line number="8" hits="4" branch="False" />
            <line number="9" hits="4" branch="True" condition-coverage="50% (1/2)">
              <conditions>
                <condition number="7" type="jump" coverage="50%" />
              </conditions>
            </line>
            <line number="10" hits="4" branch="False" />
            <line number="11" hits="0" branch="False" />
            <line number="12" hits="4" branch="False" />
          </lines>
        </class>
      </classes>
    </package>
  </packages>
</coverage>